#
# A fatal error has been detected by the Java Runtime Environment:
#
#  EXCEPTION_ACCESS_VIOLATION (0xc0000005) at pc=0x0000000056e80ae0, pid=10112, tid=0x0000000000005340
#
# JRE version: Java(TM) SE Runtime Environment (8.0_251-b08) (build 1.8.0_251-b08)
# Java VM: Java HotSpot(TM) 64-Bit Server VM (25.251-b08 mixed mode windows-amd64 compressed oops)
# Problematic frame:
# V  [jvm.dll+0xb0ae0]
#
# Failed to write core dump. Minidumps are not enabled by default on client versions of Windows
#
# If you would like to submit a bug report, please visit:
#   http://bugreport.java.com/bugreport/crash.jsp
#

---------------  T H R E A D  ---------------

Current thread (0x00000000024e0000):  GCTaskThread [stack: 0x00000000129d0000,0x0000000012ad0000] [id=21312]

siginfo: ExceptionCode=0xc0000005, reading address 0x00000005c0000210

Registers:
RAX=0x0000000000000001, RBX=0x0000000785828db8, RCX=0x0000000785828db8, RDX=0x00000005c0000208
RSP=0x0000000012acf538, RBP=0x0000000011a84b81, RSI=0x000000001c115a80, RDI=0x00000006c2769c18
R8 =0x000000001c115a80, R9 =0x0000000000000007, R10=0x0000000000000008, R11=0x000000078ecb0020
R12=0x0000000011a84b4c, R13=0x0000000000000009, R14=0x0000000000000000, R15=0x00000000024d71b0
RIP=0x0000000056e80ae0, EFLAGS=0x0000000000010202

Top of Stack: (sp=0x0000000012acf538)
0x0000000012acf538:   00000000571d8bf2 0000000785828da0
0x0000000012acf548:   0000000000000003 000000001c115a80
0x0000000012acf558:   0000000785d0cfc0 000000078eca8030
0x0000000012acf568:   0000000000001000 000000001c115a80
0x0000000012acf578:   0000000056ee3e73 0000000000000000
0x0000000012acf588:   000000001c115a00 0000000011a84b4c
0x0000000012acf598:   00000000571d8f60 000000078eca93b4
0x0000000012acf5a8:   0000000011a84b81 000000001c115a80
0x0000000012acf5b8:   00000006c2769c18 000000078eca93b4
0x0000000012acf5c8:   00000000571d9b05 0000000785248b08
0x0000000012acf5d8:   0000000011a84b81 000000001c115a80
0x0000000012acf5e8:   000000000000000a 000000001c115a80
0x0000000012acf5f8:   0000000056ebd33a 00000006c26e0aac
0x0000000012acf608:   0000000056ee5797 000000001c115a80
0x0000000012acf618:   0000000056ee3e73 00000006c2768829
0x0000000012acf628:   00000006c2768829 00000006c2769a5c 

Instructions: (pc=0x0000000056e80ae0)
0x0000000056e80ac0:   cc e0 1d 00 48 8b 9c 24 d0 00 00 00 48 81 c4 c0
0x0000000056e80ad0:   00 00 00 5d c3 cc cc cc cc cc cc cc cc cc cc cc
0x0000000056e80ae0:   44 8b 42 08 4c 8b ca 45 85 c0 7e 0e 41 f6 c0 01
0x0000000056e80af0:   75 57 41 c1 f8 03 41 8b c0 c3 79 4d 80 3d ae b0 


Register to memory mapping:

RAX=0x0000000000000001 is an unknown value
RBX=0x0000000785828db8 is an oop

[error occurred during error reporting (printing register info), id 0xc0000005]

Stack: [0x00000000129d0000,0x0000000012ad0000],  sp=0x0000000012acf538,  free space=1021k
Native frames: (J=compiled Java code, j=interpreted, Vv=VM code, C=native code)
V  [jvm.dll+0xb0ae0]


---------------  P R O C E S S  ---------------

Java Threads: ( => current thread )
  0x00000000233fc000 JavaThread "HikariPool-1 connection adder" daemon [_thread_blocked, id=15140, stack(0x0000000021860000,0x0000000021960000)]
  0x00000000233f8000 JavaThread "HikariPool-1 connection closer" daemon [_thread_blocked, id=16868, stack(0x0000000021260000,0x0000000021360000)]
  0x00000000233f6000 JavaThread "MessageBroker-8" [_thread_blocked, id=19544, stack(0x0000000027430000,0x0000000027530000)]
  0x00000000233fb000 JavaThread "MessageBroker-7" [_thread_blocked, id=2684, stack(0x0000000027330000,0x0000000027430000)]
  0x00000000235ec000 JavaThread "MessageBroker-6" [_thread_blocked, id=3532, stack(0x0000000026b30000,0x0000000026c30000)]
  0x00000000235ed000 JavaThread "MessageBroker-5" [_thread_blocked, id=15464, stack(0x0000000021560000,0x0000000021660000)]
  0x00000000235ed800 JavaThread "MessageBroker-4" [_thread_blocked, id=20644, stack(0x0000000000820000,0x0000000000920000)]
  0x00000000235ee800 JavaThread "MessageBroker-3" [_thread_blocked, id=4124, stack(0x0000000000720000,0x0000000000820000)]
  0x00000000235e2800 JavaThread "MessageBroker-2" [_thread_blocked, id=18988, stack(0x00000000005e0000,0x00000000006e0000)]
  0x00000000235e7000 JavaThread "DestroyJavaVM" [_thread_blocked, id=17104, stack(0x00000000023c0000,0x00000000024c0000)]
  0x00000000235e6000 JavaThread "http-nio-8080-Acceptor" daemon [_thread_in_native, id=4720, stack(0x0000000026030000,0x0000000026130000)]
  0x00000000235e9000 JavaThread "http-nio-8080-ClientPoller" daemon [_thread_in_native, id=8284, stack(0x0000000025f30000,0x0000000026030000)]
  0x00000000235e5800 JavaThread "http-nio-8080-exec-10" daemon [_thread_blocked, id=1580, stack(0x0000000025e30000,0x0000000025f30000)]
  0x00000000235e1800 JavaThread "http-nio-8080-exec-9" daemon [_thread_blocked, id=18312, stack(0x0000000025d30000,0x0000000025e30000)]
  0x00000000235e4800 JavaThread "http-nio-8080-exec-8" daemon [_thread_blocked, id=16564, stack(0x0000000025c30000,0x0000000025d30000)]
  0x00000000235e8800 JavaThread "http-nio-8080-exec-7" daemon [_thread_blocked, id=18536, stack(0x0000000025b30000,0x0000000025c30000)]
  0x00000000235e4000 JavaThread "http-nio-8080-exec-6" daemon [_thread_blocked, id=13056, stack(0x0000000025a30000,0x0000000025b30000)]
  0x00000000235e3000 JavaThread "http-nio-8080-exec-5" daemon [_thread_blocked, id=3664, stack(0x0000000025930000,0x0000000025a30000)]
  0x00000000235e1000 JavaThread "http-nio-8080-exec-4" daemon [_thread_blocked, id=1104, stack(0x0000000025830000,0x0000000025930000)]
  0x00000000235e7800 JavaThread "http-nio-8080-exec-3" daemon [_thread_blocked, id=18056, stack(0x0000000025730000,0x0000000025830000)]
  0x00000000210f5800 JavaThread "http-nio-8080-exec-2" daemon [_thread_blocked, id=13252, stack(0x0000000025630000,0x0000000025730000)]
  0x00000000210f4800 JavaThread "http-nio-8080-exec-1" daemon [_thread_blocked, id=17080, stack(0x0000000025530000,0x0000000025630000)]
  0x00000000210f4000 JavaThread "http-nio-8080-BlockPoller" daemon [_thread_blocked, id=8316, stack(0x0000000025430000,0x0000000025530000)]
  0x00000000210f2800 JavaThread "File Watcher" daemon [_thread_blocked, id=744, stack(0x0000000025330000,0x0000000025430000)]
  0x00000000210f1000 JavaThread "MessageBroker-1" [_thread_blocked, id=16644, stack(0x0000000024d30000,0x0000000024e30000)]
  0x00000000210f3000 JavaThread "Live Reload Server" daemon [_thread_in_native, id=14532, stack(0x0000000024e30000,0x0000000024f30000)]
  0x00000000210f7800 JavaThread "HikariPool-1 housekeeper" daemon [_thread_blocked, id=10092, stack(0x0000000024530000,0x0000000024630000)]
  0x00000000210f7000 JavaThread "mysql-cj-abandoned-connection-cleanup" daemon [_thread_blocked, id=21452, stack(0x0000000023b30000,0x0000000023c30000)]
  0x00000000210f1800 JavaThread "container-0" [_thread_blocked, id=11984, stack(0x0000000022a60000,0x0000000022b60000)]
  0x00000000210d7800 JavaThread "Catalina-utility-2" [_thread_blocked, id=19232, stack(0x0000000022960000,0x0000000022a60000)]
  0x00000000210d6000 JavaThread "Catalina-utility-1" [_thread_blocked, id=4456, stack(0x0000000021a60000,0x0000000021b60000)]
  0x000000001f379800 JavaThread "RMI Scheduler(0)" daemon [_thread_blocked, id=6408, stack(0x0000000021360000,0x0000000021460000)]
  0x000000001f1da000 JavaThread "RMI TCP Accept-0" daemon [_thread_in_native, id=21152, stack(0x000000001fd50000,0x000000001fe50000)]
  0x000000001f1d4000 JavaThread "RMI TCP Accept-53692" daemon [_thread_in_native, id=14440, stack(0x000000001fc50000,0x000000001fd50000)]
  0x000000001f1cf800 JavaThread "RMI TCP Accept-0" daemon [_thread_in_native, id=11000, stack(0x000000001fb50000,0x000000001fc50000)]
  0x000000001ef7a800 JavaThread "Service Thread" daemon [_thread_blocked, id=21220, stack(0x000000001fa50000,0x000000001fb50000)]
  0x000000001eee3000 JavaThread "C1 CompilerThread3" daemon [_thread_blocked, id=1284, stack(0x000000001f950000,0x000000001fa50000)]
  0x000000001eee0000 JavaThread "C2 CompilerThread2" daemon [_thread_blocked, id=12472, stack(0x000000001f850000,0x000000001f950000)]
  0x000000001eec7000 JavaThread "C2 CompilerThread1" daemon [_thread_blocked, id=21436, stack(0x000000001f750000,0x000000001f850000)]
  0x000000001eec6000 JavaThread "C2 CompilerThread0" daemon [_thread_blocked, id=19304, stack(0x000000001f650000,0x000000001f750000)]
  0x000000001e05c000 JavaThread "JDWP Command Reader" daemon [_thread_in_native, id=6616, stack(0x000000001ed50000,0x000000001ee50000)]
  0x000000001e057000 JavaThread "JDWP Event Helper Thread" daemon [_thread_blocked, id=9156, stack(0x000000001ec50000,0x000000001ed50000)]
  0x000000001e04b000 JavaThread "JDWP Transport Listener: dt_socket" daemon [_thread_blocked, id=12100, stack(0x000000001eb50000,0x000000001ec50000)]
  0x000000001e042800 JavaThread "Attach Listener" daemon [_thread_blocked, id=7408, stack(0x000000001e710000,0x000000001e810000)]
  0x000000001e041800 JavaThread "Signal Dispatcher" daemon [_thread_blocked, id=9452, stack(0x000000001e610000,0x000000001e710000)]
  0x000000001e030800 JavaThread "Finalizer" daemon [_thread_blocked, id=1540, stack(0x000000001e410000,0x000000001e510000)]
  0x00000000025bc000 JavaThread "Reference Handler" daemon [_thread_blocked, id=20104, stack(0x000000001df10000,0x000000001e010000)]

Other Threads:
  0x000000001c119800 VMThread [stack: 0x000000001de10000,0x000000001df10000] [id=15356]
  0x000000001f1dd800 WatcherThread [stack: 0x000000001fe50000,0x000000001ff50000] [id=16276]

=>0x00000000024e0000 (exited) GCTaskThread [stack: 0x00000000129d0000,0x0000000012ad0000] [id=21312]

VM state:at safepoint (normal execution)

VM Mutex/Monitor currently owned by a thread:  ([mutex/lock_event])
[0x00000000024c3fe0] Threads_lock - owner thread: 0x000000001c119800
[0x00000000024c4460] Heap_lock - owner thread: 0x00000000233fc000

heap address: 0x00000006c1e00000, size: 4066 MB, Compressed Oops mode: Zero based, Oop shift amount: 3
Narrow klass base: 0x0000000000000000, Narrow klass shift: 3
Compressed class space size: 1073741824 Address: 0x00000007c0000000

Heap:
 PSYoungGen      total 437760K, used 437742K [0x000000076b500000, 0x000000078fc00000, 0x00000007c0000000)
  eden space 423936K, 100% used [0x000000076b500000,0x0000000785300000,0x0000000785300000)
  from space 13824K, 99% used [0x0000000785300000,0x000000078607bb78,0x0000000786080000)
  to   space 20992K, 61% used [0x000000078e780000,0x000000078f4197b0,0x000000078fc00000)
 ParOldGen       total 125440K, used 29803K [0x00000006c1e00000, 0x00000006c9880000, 0x000000076b500000)
  object space 125440K, 23% used [0x00000006c1e00000,0x00000006c3b1af88,0x00000006c9880000)
 Metaspace       used 55231K, capacity 58380K, committed 58624K, reserved 1099776K
  class space    used 7579K, capacity 8131K, committed 8192K, reserved 1048576K

Card table byte_map: [0x0000000011a80000,0x0000000012280000] byte_map_base: 0x000000000e471000

Marking Bits: (ParMarkBitMap*) 0x00000000575faf90
 Begin Bits: [0x0000000012fd0000, 0x0000000016f58000)
 End Bits:   [0x0000000016f58000, 0x000000001aee0000)

Polling page: 0x0000000000960000

CodeCache: size=245760Kb used=11373Kb max_used=11373Kb free=234386Kb
 bounds [0x00000000026c0000, 0x00000000031e0000, 0x00000000116c0000]
 total_blobs=6179 nmethods=5588 adapters=511
 compilation: enabled

Compilation events (10 events):
Event: 3540.810 Thread 0x000000001eee3000 5696       1       java.security.spec.ECPoint::getAffineY (5 bytes)
Event: 3540.810 Thread 0x000000001eee3000 nmethod 5696 0x00000000031dcf90 code [0x00000000031dd0e0, 0x00000000031dd1f0]
Event: 3540.811 Thread 0x000000001eee3000 5697       1       java.math.BigInteger::add (215 bytes)
Event: 3540.812 Thread 0x000000001eee3000 nmethod 5697 0x00000000031dd250 code [0x00000000031dd3e0, 0x00000000031dd908]
Event: 3540.812 Thread 0x000000001eee3000 5699       1       java.util.LinkedList::pop (5 bytes)
Event: 3540.812 Thread 0x000000001eee3000 nmethod 5699 0x00000000031ddd50 code [0x00000000031ddec0, 0x00000000031de0b8]
Event: 3540.812 Thread 0x000000001eee3000 5698       1       sun.security.ec.ECPublicKeyImpl::getAlgorithm (3 bytes)
Event: 3540.812 Thread 0x000000001eee3000 nmethod 5698 0x00000000031de210 code [0x00000000031de360, 0x00000000031de470]
Event: 3545.242 Thread 0x000000001eee3000 5700       1       com.mysql.cj.conf.ConnectionUrl$Type::getScheme (5 bytes)
Event: 3545.242 Thread 0x000000001eee3000 nmethod 5700 0x00000000031de4d0 code [0x00000000031de620, 0x00000000031de730]

GC Heap History (10 events):
Event: 5.062 GC heap after
Heap after GC invocations=7 (full 1):
 PSYoungGen      total 240640K, used 2037K [0x000000076b500000, 0x000000077bf80000, 0x00000007c0000000)
  eden space 238592K, 0% used [0x000000076b500000,0x000000076b500000,0x0000000779e00000)
  from space 2048K, 99% used [0x000000077bd80000,0x000000077bf7d520,0x000000077bf80000)
  to   space 9728K, 0% used [0x000000077ac80000,0x000000077ac80000,0x000000077b600000)
 ParOldGen       total 82432K, used 6327K [0x00000006c1e00000, 0x00000006c6e80000, 0x000000076b500000)
  object space 82432K, 7% used [0x00000006c1e00000,0x00000006c242de50,0x00000006c6e80000)
 Metaspace       used 20995K, capacity 21772K, committed 21936K, reserved 1069056K
  class space    used 2711K, capacity 2904K, committed 2944K, reserved 1048576K
}
Event: 6.563 GC heap before
{Heap before GC invocations=8 (full 1):
 PSYoungGen      total 240640K, used 240599K [0x000000076b500000, 0x000000077bf80000, 0x00000007c0000000)
  eden space 238592K, 99% used [0x000000076b500000,0x0000000779df89a0,0x0000000779e00000)
  from space 2048K, 99% used [0x000000077bd80000,0x000000077bf7d520,0x000000077bf80000)
  to   space 9728K, 0% used [0x000000077ac80000,0x000000077ac80000,0x000000077b600000)
 ParOldGen       total 82432K, used 6327K [0x00000006c1e00000, 0x00000006c6e80000, 0x000000076b500000)
  object space 82432K, 7% used [0x00000006c1e00000,0x00000006c242de50,0x00000006c6e80000)
 Metaspace       used 27800K, capacity 29536K, committed 29696K, reserved 1075200K
  class space    used 3723K, capacity 4074K, committed 4096K, reserved 1048576K
Event: 6.574 GC heap after
Heap after GC invocations=8 (full 1):
 PSYoungGen      total 263168K, used 9707K [0x000000076b500000, 0x0000000786c00000, 0x00000007c0000000)
  eden space 253440K, 0% used [0x000000076b500000,0x000000076b500000,0x000000077ac80000)
  from space 9728K, 99% used [0x000000077ac80000,0x000000077b5fad30,0x000000077b600000)
  to   space 11776K, 0% used [0x0000000786080000,0x0000000786080000,0x0000000786c00000)
 ParOldGen       total 82432K, used 8483K [0x00000006c1e00000, 0x00000006c6e80000, 0x000000076b500000)
  object space 82432K, 10% used [0x00000006c1e00000,0x00000006c2648ef0,0x00000006c6e80000)
 Metaspace       used 27800K, capacity 29536K, committed 29696K, reserved 1075200K
  class space    used 3723K, capacity 4074K, committed 4096K, reserved 1048576K
}
Event: 7.420 GC heap before
{Heap before GC invocations=9 (full 1):
 PSYoungGen      total 263168K, used 166049K [0x000000076b500000, 0x0000000786c00000, 0x00000007c0000000)
  eden space 253440K, 61% used [0x000000076b500000,0x0000000774dad7f0,0x000000077ac80000)
  from space 9728K, 99% used [0x000000077ac80000,0x000000077b5fad30,0x000000077b600000)
  to   space 11776K, 0% used [0x0000000786080000,0x0000000786080000,0x0000000786c00000)
 ParOldGen       total 82432K, used 8483K [0x00000006c1e00000, 0x00000006c6e80000, 0x000000076b500000)
  object space 82432K, 10% used [0x00000006c1e00000,0x00000006c2648ef0,0x00000006c6e80000)
 Metaspace       used 33501K, capacity 35408K, committed 35456K, reserved 1079296K
  class space    used 4571K, capacity 4962K, committed 4992K, reserved 1048576K
Event: 7.431 GC heap after
Heap after GC invocations=9 (full 1):
 PSYoungGen      total 435712K, used 11752K [0x000000076b500000, 0x0000000788500000, 0x00000007c0000000)
  eden space 423936K, 0% used [0x000000076b500000,0x000000076b500000,0x0000000785300000)
  from space 11776K, 99% used [0x0000000786080000,0x0000000786bfa068,0x0000000786c00000)
  to   space 13824K, 0% used [0x0000000785300000,0x0000000785300000,0x0000000786080000)
 ParOldGen       total 82432K, used 8574K [0x00000006c1e00000, 0x00000006c6e80000, 0x000000076b500000)
  object space 82432K, 10% used [0x00000006c1e00000,0x00000006c265fbc0,0x00000006c6e80000)
 Metaspace       used 33501K, capacity 35408K, committed 35456K, reserved 1079296K
  class space    used 4571K, capacity 4962K, committed 4992K, reserved 1048576K
}
Event: 7.431 GC heap before
{Heap before GC invocations=10 (full 2):
 PSYoungGen      total 435712K, used 11752K [0x000000076b500000, 0x0000000788500000, 0x00000007c0000000)
  eden space 423936K, 0% used [0x000000076b500000,0x000000076b500000,0x0000000785300000)
  from space 11776K, 99% used [0x0000000786080000,0x0000000786bfa068,0x0000000786c00000)
  to   space 13824K, 0% used [0x0000000785300000,0x0000000785300000,0x0000000786080000)
 ParOldGen       total 82432K, used 8574K [0x00000006c1e00000, 0x00000006c6e80000, 0x000000076b500000)
  object space 82432K, 10% used [0x00000006c1e00000,0x00000006c265fbc0,0x00000006c6e80000)
 Metaspace       used 33501K, capacity 35408K, committed 35456K, reserved 1079296K
  class space    used 4571K, capacity 4962K, committed 4992K, reserved 1048576K
Event: 7.494 GC heap after
Heap after GC invocations=10 (full 2):
 PSYoungGen      total 435712K, used 0K [0x000000076b500000, 0x0000000788500000, 0x00000007c0000000)
  eden space 423936K, 0% used [0x000000076b500000,0x000000076b500000,0x0000000785300000)
  from space 11776K, 0% used [0x0000000786080000,0x0000000786080000,0x0000000786c00000)
  to   space 13824K, 0% used [0x0000000785300000,0x0000000785300000,0x0000000786080000)
 ParOldGen       total 125440K, used 16723K [0x00000006c1e00000, 0x00000006c9880000, 0x000000076b500000)
  object space 125440K, 13% used [0x00000006c1e00000,0x00000006c2e54c90,0x00000006c9880000)
 Metaspace       used 33501K, capacity 35408K, committed 35456K, reserved 1079296K
  class space    used 4571K, capacity 4962K, committed 4992K, reserved 1048576K
}
Event: 77.488 GC heap before
{Heap before GC invocations=11 (full 2):
 PSYoungGen      total 435712K, used 423936K [0x000000076b500000, 0x0000000788500000, 0x00000007c0000000)
  eden space 423936K, 100% used [0x000000076b500000,0x0000000785300000,0x0000000785300000)
  from space 11776K, 0% used [0x0000000786080000,0x0000000786080000,0x0000000786c00000)
  to   space 13824K, 0% used [0x0000000785300000,0x0000000785300000,0x0000000786080000)
 ParOldGen       total 125440K, used 16723K [0x00000006c1e00000, 0x00000006c9880000, 0x000000076b500000)
  object space 125440K, 13% used [0x00000006c1e00000,0x00000006c2e54c90,0x00000006c9880000)
 Metaspace       used 52937K, capacity 55952K, committed 56320K, reserved 1097728K
  class space    used 7298K, capacity 7827K, committed 7936K, reserved 1048576K
Event: 77.512 GC heap after
Heap after GC invocations=11 (full 2):
 PSYoungGen      total 437760K, used 13806K [0x000000076b500000, 0x000000078fc00000, 0x00000007c0000000)
  eden space 423936K, 0% used [0x000000076b500000,0x000000076b500000,0x0000000785300000)
  from space 13824K, 99% used [0x0000000785300000,0x000000078607bb78,0x0000000786080000)
  to   space 20992K, 0% used [0x000000078e780000,0x000000078e780000,0x000000078fc00000)
 ParOldGen       total 125440K, used 29795K [0x00000006c1e00000, 0x00000006c9880000, 0x000000076b500000)
  object space 125440K, 23% used [0x00000006c1e00000,0x00000006c3b18f88,0x00000006c9880000)
 Metaspace       used 52937K, capacity 55952K, committed 56320K, reserved 1097728K
  class space    used 7298K, capacity 7827K, committed 7936K, reserved 1048576K
}
Event: 3545.245 GC heap before
{Heap before GC invocations=12 (full 2):
 PSYoungGen      total 437760K, used 437742K [0x000000076b500000, 0x000000078fc00000, 0x00000007c0000000)
  eden space 423936K, 100% used [0x000000076b500000,0x0000000785300000,0x0000000785300000)
  from space 13824K, 99% used [0x0000000785300000,0x000000078607bb78,0x0000000786080000)
  to   space 20992K, 0% used [0x000000078e780000,0x000000078e780000,0x000000078fc00000)
 ParOldGen       total 125440K, used 29795K [0x00000006c1e00000, 0x00000006c9880000, 0x000000076b500000)
  object space 125440K, 23% used [0x00000006c1e00000,0x00000006c3b18f88,0x00000006c9880000)
 Metaspace       used 55231K, capacity 58380K, committed 58624K, reserved 1099776K
  class space    used 7579K, capacity 8131K, committed 8192K, reserved 1048576K

Deoptimization events (0 events):
No events

Classes redefined (0 events):
No events

Internal exceptions (10 events):
Event: 33.506 Thread 0x000000001f5ac800 Exception <a 'java/lang/ClassNotFoundException': org/springframework/context/support/LiveBeansView> (0x000000078406a000) thrown at [C:\jenkins\workspace\8-2-build-windows-amd64-cygwin\jdk8u251\737\hotspot\src\share\vm\classfile\systemDictionary.cpp, line 
Event: 33.506 Thread 0x000000001f5ac800 Exception <a 'java/lang/ClassNotFoundException': org/springframework/context/support/LiveBeansView> (0x000000078406a360) thrown at [C:\jenkins\workspace\8-2-build-windows-amd64-cygwin\jdk8u251\737\hotspot\src\share\vm\classfile\systemDictionary.cpp, line 
Event: 33.509 Thread 0x000000001f5ac800 Exception <a 'java/lang/ClassNotFoundException': org/springframework/context/support/LiveBeansView> (0x000000078408aff8) thrown at [C:\jenkins\workspace\8-2-build-windows-amd64-cygwin\jdk8u251\737\hotspot\src\share\vm\classfile\systemDictionary.cpp, line 
Event: 33.509 Thread 0x000000001f5ac800 Exception <a 'java/lang/ClassNotFoundException': org/springframework/context/support/LiveBeansView> (0x000000078408b350) thrown at [C:\jenkins\workspace\8-2-build-windows-amd64-cygwin\jdk8u251\737\hotspot\src\share\vm\classfile\systemDictionary.cpp, line 
Event: 33.509 Thread 0x000000001f5ac800 Exception <a 'java/lang/ClassNotFoundException': org/springframework/context/support/LiveBeansView> (0x000000078408b760) thrown at [C:\jenkins\workspace\8-2-build-windows-amd64-cygwin\jdk8u251\737\hotspot\src\share\vm\classfile\systemDictionary.cpp, line 
Event: 77.608 Thread 0x00000000210f5800 Exception <a 'java/lang/ArrayIndexOutOfBoundsException'> (0x000000076cd9a908) thrown at [C:\jenkins\workspace\8-2-build-windows-amd64-cygwin\jdk8u251\737\hotspot\src\share\vm\runtime\sharedRuntime.cpp, line 605]
Event: 77.608 Thread 0x00000000210f5800 Exception <a 'java/lang/ArrayIndexOutOfBoundsException'> (0x000000076cd9b928) thrown at [C:\jenkins\workspace\8-2-build-windows-amd64-cygwin\jdk8u251\737\hotspot\src\share\vm\runtime\sharedRuntime.cpp, line 605]
Event: 77.610 Thread 0x00000000210f5800 Exception <a 'java/lang/ArrayIndexOutOfBoundsException'> (0x000000076cdd2228) thrown at [C:\jenkins\workspace\8-2-build-windows-amd64-cygwin\jdk8u251\737\hotspot\src\share\vm\runtime\sharedRuntime.cpp, line 605]
Event: 77.610 Thread 0x00000000210f5800 Exception <a 'java/lang/ArrayIndexOutOfBoundsException'> (0x000000076cde1a80) thrown at [C:\jenkins\workspace\8-2-build-windows-amd64-cygwin\jdk8u251\737\hotspot\src\share\vm\runtime\sharedRuntime.cpp, line 605]
Event: 77.699 Thread 0x00000000233f5000 Exception <a 'java/lang/ArrayIndexOutOfBoundsException'> (0x000000076e47ec70) thrown at [C:\jenkins\workspace\8-2-build-windows-amd64-cygwin\jdk8u251\737\hotspot\src\share\vm\runtime\sharedRuntime.cpp, line 605]

Events (10 events):
Event: 3545.242 Executing VM operation: RevokeBias done
Event: 3545.242 Executing VM operation: RevokeBias
Event: 3545.242 Executing VM operation: RevokeBias done
Event: 3545.242 Executing VM operation: RevokeBias
Event: 3545.242 Executing VM operation: RevokeBias done
Event: 3545.242 Executing VM operation: RevokeBias
Event: 3545.242 Executing VM operation: RevokeBias done
Event: 3545.243 Executing VM operation: RevokeBias
Event: 3545.243 Executing VM operation: RevokeBias done
Event: 3545.245 Executing VM operation: ParallelGCFailedAllocation


Dynamic libraries:
0x00007ff63b7a0000 - 0x00007ff63b7d7000 	C:\Program Files\Java\jre1.8.0_251\bin\javaw.exe
0x00007fff59f60000 - 0x00007fff5a150000 	C:\WINDOWS\SYSTEM32\ntdll.dll
0x00007fff597d0000 - 0x00007fff59882000 	C:\WINDOWS\System32\KERNEL32.DLL
0x00007fff57b90000 - 0x00007fff57e34000 	C:\WINDOWS\System32\KERNELBASE.dll
0x00007fff59890000 - 0x00007fff59933000 	C:\WINDOWS\System32\ADVAPI32.dll
0x00007fff581f0000 - 0x00007fff5828e000 	C:\WINDOWS\System32\msvcrt.dll
0x00007fff59040000 - 0x00007fff590d7000 	C:\WINDOWS\System32\sechost.dll
0x00007fff599d0000 - 0x00007fff59af0000 	C:\WINDOWS\System32\RPCRT4.dll
0x00007fff58680000 - 0x00007fff58814000 	C:\WINDOWS\System32\USER32.dll
0x00007fff57e40000 - 0x00007fff57e61000 	C:\WINDOWS\System32\win32u.dll
0x00007fff580e0000 - 0x00007fff58106000 	C:\WINDOWS\System32\GDI32.dll
0x00007fff57070000 - 0x00007fff57205000 	C:\WINDOWS\System32\gdi32full.dll
0x00007fff57f70000 - 0x00007fff5800e000 	C:\WINDOWS\System32\msvcp_win.dll
0x00007fff56f70000 - 0x00007fff5706a000 	C:\WINDOWS\System32\ucrtbase.dll
0x00007fff48e20000 - 0x00007fff490a4000 	C:\WINDOWS\WinSxS\amd64_microsoft.windows.common-controls_6595b64144ccf1df_6.0.18362.900_none_e6beb9d913147d17\COMCTL32.dll
0x00007fff58820000 - 0x00007fff58b55000 	C:\WINDOWS\System32\combase.dll
0x00007fff56ef0000 - 0x00007fff56f70000 	C:\WINDOWS\System32\bcryptPrimitives.dll
0x00007fff58650000 - 0x00007fff5867e000 	C:\WINDOWS\System32\IMM32.DLL
0x0000000055ef0000 - 0x0000000055fc2000 	C:\Program Files\Java\jre1.8.0_251\bin\msvcr100.dll
0x0000000056dd0000 - 0x000000005767b000 	C:\Program Files\Java\jre1.8.0_251\bin\server\jvm.dll
0x00007fff599b0000 - 0x00007fff599b8000 	C:\WINDOWS\System32\PSAPI.DLL
0x00007fff55ff0000 - 0x00007fff55ffa000 	C:\WINDOWS\SYSTEM32\VERSION.dll
0x00007fff4e510000 - 0x00007fff4e534000 	C:\WINDOWS\SYSTEM32\WINMM.dll
0x00007fff522c0000 - 0x00007fff522c9000 	C:\WINDOWS\SYSTEM32\WSOCK32.dll
0x00007fff59940000 - 0x00007fff599af000 	C:\WINDOWS\System32\WS2_32.dll
0x00007fff4e2c0000 - 0x00007fff4e2ed000 	C:\WINDOWS\SYSTEM32\winmmbase.dll
0x00007fff57b40000 - 0x00007fff57b8a000 	C:\WINDOWS\System32\cfgmgr32.dll
0x00007fff522b0000 - 0x00007fff522bf000 	C:\Program Files\Java\jre1.8.0_251\bin\verify.dll
0x00007fff4ff90000 - 0x00007fff4ffb9000 	C:\Program Files\Java\jre1.8.0_251\bin\java.dll
0x00007fff2b750000 - 0x00007fff2b785000 	C:\Program Files\Java\jre1.8.0_251\bin\jdwp.dll
0x00007fff4dc70000 - 0x00007fff4dc78000 	C:\Program Files\Java\jre1.8.0_251\bin\npt.dll
0x00007fff249b0000 - 0x00007fff249d3000 	C:\Program Files\Java\jre1.8.0_251\bin\instrument.dll
0x00007fff4ff40000 - 0x00007fff4ff56000 	C:\Program Files\Java\jre1.8.0_251\bin\zip.dll
0x00007fff590e0000 - 0x00007fff597c6000 	C:\WINDOWS\System32\SHELL32.dll
0x00007fff59e10000 - 0x00007fff59eb9000 	C:\WINDOWS\System32\shcore.dll
0x00007fff573c0000 - 0x00007fff57b40000 	C:\WINDOWS\System32\windows.storage.dll
0x00007fff56e70000 - 0x00007fff56e93000 	C:\WINDOWS\System32\profapi.dll
0x00007fff56ea0000 - 0x00007fff56eea000 	C:\WINDOWS\System32\powrprof.dll
0x00007fff56e20000 - 0x00007fff56e30000 	C:\WINDOWS\System32\UMPDC.dll
0x00007fff58110000 - 0x00007fff58162000 	C:\WINDOWS\System32\shlwapi.dll
0x00007fff56e50000 - 0x00007fff56e61000 	C:\WINDOWS\System32\kernel.appcore.dll
0x00007fff57f50000 - 0x00007fff57f67000 	C:\WINDOWS\System32\cryptsp.dll
0x00007fff4dc60000 - 0x00007fff4dc69000 	C:\Program Files\Java\jre1.8.0_251\bin\dt_socket.dll
0x00007fff4f890000 - 0x00007fff4f8a6000 	C:\WINDOWS\system32\napinsp.dll
0x00007fff4efe0000 - 0x00007fff4effa000 	C:\WINDOWS\system32\pnrpnsp.dll
0x00007fff56690000 - 0x00007fff566f7000 	C:\WINDOWS\System32\mswsock.dll
0x00007fff563e0000 - 0x00007fff564ab000 	C:\WINDOWS\SYSTEM32\DNSAPI.dll
0x00007fff599c0000 - 0x00007fff599c8000 	C:\WINDOWS\System32\NSI.dll
0x00007fff563a0000 - 0x00007fff563da000 	C:\WINDOWS\SYSTEM32\IPHLPAPI.DLL
0x00007fff52390000 - 0x00007fff5239e000 	C:\WINDOWS\System32\winrnr.dll
0x00007fff50c40000 - 0x00007fff50c5c000 	C:\WINDOWS\system32\NLAapi.dll
0x00007fff4efc0000 - 0x00007fff4efd5000 	C:\WINDOWS\system32\wshbth.dll
0x00007fff50850000 - 0x00007fff508c7000 	C:\WINDOWS\System32\fwpuclnt.dll
0x00007fff57f20000 - 0x00007fff57f46000 	C:\WINDOWS\System32\bcrypt.dll
0x00007fff4f870000 - 0x00007fff4f87a000 	C:\Windows\System32\rasadhlp.dll
0x00007fff50130000 - 0x00007fff5013d000 	C:\Program Files\Java\jre1.8.0_251\bin\management.dll
0x00007fff24710000 - 0x00007fff2472a000 	C:\Program Files\Java\jre1.8.0_251\bin\net.dll
0x00007fff236e0000 - 0x00007fff236f2000 	C:\Program Files\Java\jre1.8.0_251\bin\nio.dll
0x00007fff56200000 - 0x00007fff56233000 	C:\WINDOWS\system32\rsaenh.dll
0x00007fff56d40000 - 0x00007fff56d65000 	C:\WINDOWS\SYSTEM32\USERENV.dll
0x00007fff56860000 - 0x00007fff5686c000 	C:\WINDOWS\SYSTEM32\CRYPTBASE.dll
0x00007fff50930000 - 0x00007fff50946000 	C:\WINDOWS\SYSTEM32\dhcpcsvc6.DLL
0x00007fff50a00000 - 0x00007fff50a1c000 	C:\WINDOWS\SYSTEM32\dhcpcsvc.DLL
0x00007fff4d800000 - 0x00007fff4d824000 	C:\Program Files\Java\jre1.8.0_251\bin\sunec.dll
0x00007fff4d7f0000 - 0x00007fff4d7fc000 	C:\Program Files\Java\jre1.8.0_251\bin\sunmscapi.dll
0x00007fff57270000 - 0x00007fff573b9000 	C:\WINDOWS\System32\CRYPT32.dll
0x00007fff56e30000 - 0x00007fff56e42000 	C:\WINDOWS\System32\MSASN1.dll
0x00007fff56960000 - 0x00007fff56986000 	C:\WINDOWS\SYSTEM32\ncrypt.dll
0x00007fff56920000 - 0x00007fff5695b000 	C:\WINDOWS\SYSTEM32\NTASN1.dll
0x00007fff4c8a0000 - 0x00007fff4ca94000 	C:\WINDOWS\SYSTEM32\dbghelp.dll

VM Arguments:
jvm_args: -agentlib:jdwp=transport=dt_socket,suspend=y,address=localhost:53693 -Dcom.sun.management.jmxremote -Dcom.sun.management.jmxremote.port=53692 -Dcom.sun.management.jmxremote.authenticate=false -Dcom.sun.management.jmxremote.ssl=false -Djava.rmi.server.hostname=localhost -Dspring.jmx.enabled=true -Dspring.application.admin.enabled=true -Xverify:none -XX:TieredStopAtLevel=1 -Dspring.boot.project.name=SampleWebSocketAuth -javaagent:C:\Users\khong\eclipse\jee-2020-03\eclipse\configuration\org.eclipse.osgi\411\0\.cp\lib\javaagent-shaded.jar -Dfile.encoding=UTF-8 
java_command: com.example.test.SampleWebSocketAuthApplication
java_class_path (initial): D:\DOAN\SampleWebSocketAuth\target\classes;C:\Users\khong\.m2\repository\org\springframework\boot\spring-boot-starter-security\2.3.1.RELEASE\spring-boot-starter-security-2.3.1.RELEASE.jar;C:\Users\khong\.m2\repository\org\springframework\boot\spring-boot-starter\2.3.1.RELEASE\spring-boot-starter-2.3.1.RELEASE.jar;C:\Users\khong\.m2\repository\org\springframework\boot\spring-boot-starter-logging\2.3.1.RELEASE\spring-boot-starter-logging-2.3.1.RELEASE.jar;C:\Users\khong\.m2\repository\ch\qos\logback\logback-classic\1.2.3\logback-classic-1.2.3.jar;C:\Users\khong\.m2\repository\ch\qos\logback\logback-core\1.2.3\logback-core-1.2.3.jar;C:\Users\khong\.m2\repository\org\apache\logging\log4j\log4j-to-slf4j\2.13.3\log4j-to-slf4j-2.13.3.jar;C:\Users\khong\.m2\repository\org\apache\logging\log4j\log4j-api\2.13.3\log4j-api-2.13.3.jar;C:\Users\khong\.m2\repository\org\slf4j\jul-to-slf4j\1.7.30\jul-to-slf4j-1.7.30.jar;C:\Users\khong\.m2\repository\jakarta\annotation\jakarta.annotation-api\1.3.5\jakarta.annotation-api-1.3.5.jar;C:\Users\khong\.m2\repository\org\yaml\snakeyaml\1.26\snakeyaml-1.26.jar;C:\Users\khong\.m2\repository\org\springframework\spring-aop\5.2.7.RELEASE\spring-aop-5.2.7.RELEASE.jar;C:\Users\khong\.m2\repository\org\springframework\spring-beans\5.2.7.RELEASE\spring-beans-5.2.7.RELEASE.jar;C:\Users\khong\.m2\repository\org\springframework\security\spring-security-config\5.3.3.RELEASE\spring-security-config-5.3.3.RELEASE.jar;C:\Users\khong\.m2\repository\org\springframework\spring-context\5.2.7.RELEASE\spring-context-5.2.7.RELEASE.jar;C:\Users\khong\.m2\repository\org\springframework\security\spring-security-web\5.3.3.RELEASE\spring-security-web-5.3.3.RELEASE.jar;C:\Users\khong\.m2\repository\org\springframework\spring-expression\5.2.7.RELEASE\spring-expression-5.2.7.RELEASE.jar;C:\Users\khong\.m2\repository\org\springframework\boot\spring-boot-starter-web\2.3.1.RELEASE\spring-boot-starter-web-2.3.1.RELEASE.jar;C:\Users\khong\.m2\repos
Launcher Type: SUN_STANDARD

Environment Variables:
JAVA_HOME=C:\Program Files\Java\jdk1.8.0_251
PATH=C:/Program Files/Java/jre1.8.0_251/bin/server;C:/Program Files/Java/jre1.8.0_251/bin;C:/Program Files/Java/jre1.8.0_251/lib/amd64;C:\Python38\Scripts\;C:\Python38\;C:\Program Files (x86)\Common Files\Oracle\Java\javapath;C:\Program Files\Microsoft MPI\Bin\;C:\ProgramData\Oracle\Java\javapath;C:\WINDOWS\system32;C:\WINDOWS;C:\WINDOWS\System32\Wbem;C:\WINDOWS\System32\WindowsPowerShell\v1.0\;C:\WINDOWS\System32\OpenSSH\;C:\Program Files (x86)\NVIDIA Corporation\PhysX\Common;C:\Program Files\NVIDIA Corporation\NVIDIA NvDLISR;C:\Program Files (x86)\Microsoft SQL Server\140\DTS\Binn\;C:\Program Files (x86)\Microsoft SQL Server\150\DTS\Binn\;C:\Program Files\Microsoft SQL Server\130\Tools\Binn\;C:\Program Files\dotnet\;C:\Program Files (x86)\Microsoft SQL Server\110\DTS\Binn\;C:\Program Files (x86)\Microsoft SQL Server\120\DTS\Binn\;C:\Program Files (x86)\Microsoft SQL Server\130\DTS\Binn\;C:\Program Files (x86)\Microsoft SQL Server\140\Tools\Binn\;C:\Program Files\Microsoft SQL Server\140\Tools\Binn\;C:\Program Files\Microsoft SQL Server\140\DTS\Binn\;C:\Program Files\Microsoft SQL Server\Client SDK\ODBC\130\Tools\Binn\;D:\maven\opt\apache-maven-3.6.0\bin;C:\Program Files\Java\jdk1.8.0_251\bin;C:\Program Files\nodejs\;C:\ProgramData\chocolatey\bin;C:\Program Files\Git\cmd;C:\Program Files\MySQL\MySQL Shell 8.0\bin\;C:\Users\khong\AppData\Local\Microsoft\WindowsApps;C:\Program Files\Microsoft VS Code\bin;C:\Program Files\Java\jdk1.8.0_251\bin;C:\Users\khong\AppData\Roaming\npm;;C:\Users\khong\Desktop;
USERNAME=MinhKQ
OS=Windows_NT
PROCESSOR_IDENTIFIER=Intel64 Family 6 Model 94 Stepping 3, GenuineIntel



---------------  S Y S T E M  ---------------

OS: Windows 10.0 , 64 bit Build 18362 (10.0.18362.900)

CPU:total 8 (initial active 8) (4 cores per cpu, 2 threads per core) family 6 model 94 stepping 3, cmov, cx8, fxsr, mmx, sse, sse2, sse3, ssse3, sse4.1, sse4.2, popcnt, avx, avx2, aes, clmul, erms, rtm, 3dnowpref, lzcnt, ht, tsc, tscinvbit, bmi1, bmi2, adx

Memory: 4k page, physical 16653852k(7944932k free), swap 22161372k(6612080k free)

vm_info: Java HotSpot(TM) 64-Bit Server VM (25.251-b08) for windows-amd64 JRE (1.8.0_251-b08), built on Mar 12 2020 06:31:49 by "" with MS VC++ 10.0 (VS2010)

time: Sat Jun 13 01:33:42 2020
timezone: SE Asia Standard Time
elapsed time: 3545 seconds (0d 0h 59m 5s)

